[2025-02-01 18:48:45,686] app ERROR - http://localhost:5000/api/users/: Exception on /api/users/ [POST]
Traceback (most recent call last):
  File "/home/vscode/.local/lib/python3.12/site-packages/flask/app.py", line 870, in full_dispatch_request
    rv = self.dispatch_request()
         ^^^^^^^^^^^^^^^^^^^^^^^
  File "/home/vscode/.local/lib/python3.12/site-packages/flask/app.py", line 855, in dispatch_request
    return self.ensure_sync(self.view_functions[rule.endpoint])(**view_args)  # type: ignore[no-any-return]
           ^^^^^^^^^^^^^^^^^^^^^^^^^^^^^^^^^^^^^^^^^^^^^^^^^^^^^^^^^^^^^^^^^
  File "/home/vscode/.local/lib/python3.12/site-packages/flask_restx/api.py", line 402, in wrapper
    resp = resource(*args, **kwargs)
           ^^^^^^^^^^^^^^^^^^^^^^^^^
  File "/home/vscode/.local/lib/python3.12/site-packages/flask/views.py", line 110, in view
    return current_app.ensure_sync(self.dispatch_request)(**kwargs)  # type: ignore[no-any-return]
           ^^^^^^^^^^^^^^^^^^^^^^^^^^^^^^^^^^^^^^^^^^^^^^^^^^^^^^^^
  File "/home/vscode/.local/lib/python3.12/site-packages/flask_restx/resource.py", line 41, in dispatch_request
    resp = meth(*args, **kwargs)
           ^^^^^^^^^^^^^^^^^^^^^
  File "/home/vscode/.local/lib/python3.12/site-packages/flask_restx/marshalling.py", line 244, in wrapper
    resp = f(*args, **kwargs)
           ^^^^^^^^^^^^^^^^^^
  File "/workspace/controllers/userController.py", line 44, in post
    preference_auto_update_panel_items=data["preference_auto_update_panel_items"] or False,
                                       ~~~~^^^^^^^^^^^^^^^^^^^^^^^^^^^^^^^^^^^^^^
KeyError: 'preference_auto_update_panel_items'
[2025-02-01 18:48:45,692] app INFO - http://localhost:5000/api/users/: Completed
[2025-02-01 18:49:14,070] app INFO - http://localhost:5000/api/users/: Requested
[2025-02-01 18:49:14,071] app INFO - http://localhost:5000/api/users/: Completed
[2025-02-01 19:02:54,792] app INFO - http://localhost:5000/swagger: Requested
[2025-02-01 19:02:54,804] app INFO - http://localhost:5000/swagger: Completed
[2025-02-01 19:02:54,848] app INFO - http://localhost:5000/swaggerui/droid-sans.css: Requested
[2025-02-01 19:02:54,856] app INFO - http://localhost:5000/swaggerui/droid-sans.css: Completed
[2025-02-01 19:02:54,996] app INFO - http://localhost:5000/swaggerui/swagger-ui.css: Requested
[2025-02-01 19:02:54,997] app INFO - http://localhost:5000/swaggerui/swagger-ui.css: Completed
[2025-02-01 19:02:55,014] app INFO - http://localhost:5000/swaggerui/swagger-ui-bundle.js: Requested
[2025-02-01 19:02:55,015] app INFO - http://localhost:5000/swaggerui/swagger-ui-bundle.js: Completed
[2025-02-01 19:02:55,024] app INFO - http://localhost:5000/swaggerui/swagger-ui-standalone-preset.js: Requested
[2025-02-01 19:02:55,025] app INFO - http://localhost:5000/swaggerui/swagger-ui-standalone-preset.js: Completed
[2025-02-01 19:02:55,283] app INFO - http://localhost:5000/swagger.json: Requested
[2025-02-01 19:02:55,284] app INFO - http://localhost:5000/swagger.json: Completed
[2025-02-01 19:02:55,351] app INFO - http://localhost:5000/swaggerui/favicon-32x32.png: Requested
[2025-02-01 19:02:55,352] app INFO - http://localhost:5000/swaggerui/favicon-32x32.png: Completed
[2025-02-01 19:03:07,630] app INFO - http://localhost:5000/api/users/: Requested
[2025-02-01 19:03:07,650] app INFO - http://localhost:5000/api/users/: Completed
[2025-02-01 19:03:15,471] app INFO - http://localhost:5000/api/users/: Requested
[2025-02-01 19:03:15,482] app INFO - http://localhost:5000/api/users/: Completed
[2025-02-01 19:56:44,797] app INFO - http://127.0.0.1:5000/: Requested
[2025-02-01 19:56:44,798] app ERROR - http://127.0.0.1:5000/: 404 Not Found: The requested URL was not found on the server. If you entered the URL manually please check your spelling and try again.
Traceback (most recent call last):
  File "/home/vscode/.local/lib/python3.12/site-packages/flask/app.py", line 870, in full_dispatch_request
    rv = self.dispatch_request()
         ^^^^^^^^^^^^^^^^^^^^^^^
  File "/home/vscode/.local/lib/python3.12/site-packages/flask/app.py", line 855, in dispatch_request
    return self.ensure_sync(self.view_functions[rule.endpoint])(**view_args)  # type: ignore[no-any-return]
           ^^^^^^^^^^^^^^^^^^^^^^^^^^^^^^^^^^^^^^^^^^^^^^^^^^^^^^^^^^^^^^^^^
  File "/home/vscode/.local/lib/python3.12/site-packages/flask_restx/api.py", line 446, in render_root
    self.abort(HTTPStatus.NOT_FOUND)
  File "/home/vscode/.local/lib/python3.12/site-packages/flask_restx/namespace.py", line 153, in abort
    abort(*args, **kwargs)
  File "/home/vscode/.local/lib/python3.12/site-packages/flask_restx/errors.py", line 28, in abort
    flask.abort(code)
  File "/home/vscode/.local/lib/python3.12/site-packages/flask/helpers.py", line 272, in abort
    current_app.aborter(code, *args, **kwargs)
  File "/home/vscode/.local/lib/python3.12/site-packages/werkzeug/exceptions.py", line 861, in __call__
    raise self.mapping[code](*args, **kwargs)
werkzeug.exceptions.NotFound: 404 Not Found: The requested URL was not found on the server. If you entered the URL manually please check your spelling and try again.
[2025-02-01 19:56:44,800] app INFO - http://127.0.0.1:5000/: Erro que eu nao sei
[2025-02-01 19:56:44,800] app INFO - http://127.0.0.1:5000/: Completed
[2025-02-01 19:56:51,672] app INFO - http://localhost:5000/swagger: Requested
[2025-02-01 19:56:51,682] app INFO - http://localhost:5000/swagger: Completed
[2025-02-01 19:56:51,745] app INFO - http://localhost:5000/swaggerui/droid-sans.css: Requested
[2025-02-01 19:56:51,750] app INFO - http://localhost:5000/swaggerui/droid-sans.css: Completed
[2025-02-01 19:56:51,860] app INFO - http://localhost:5000/swaggerui/swagger-ui.css: Requested
[2025-02-01 19:56:51,860] app INFO - http://localhost:5000/swaggerui/swagger-ui.css: Completed
[2025-02-01 19:56:51,881] app INFO - http://localhost:5000/swaggerui/swagger-ui-bundle.js: Requested
[2025-02-01 19:56:51,881] app INFO - http://localhost:5000/swaggerui/swagger-ui-bundle.js: Completed
[2025-02-01 19:56:51,908] app INFO - http://localhost:5000/swaggerui/swagger-ui-standalone-preset.js: Requested
[2025-02-01 19:56:51,909] app INFO - http://localhost:5000/swaggerui/swagger-ui-standalone-preset.js: Completed
[2025-02-01 19:56:52,225] app INFO - http://localhost:5000/swagger.json: Requested
[2025-02-01 19:56:52,229] app INFO - http://localhost:5000/swagger.json: Completed
